  ofApp.cpp
  Info: Boost.Config is older than your compiler version - probably nothing bad will happen - but you may wish to look for an update Boost version.  Define BOOST_CONFIG_SUPPRESS_OUTDATED_MESSAGE to suppress this message.
C:\Users\Administrator\Downloads\of_v0.11.2_vs2017_release\of_v0.11.2_vs2017_release\libs\openFrameworks\utils\ofUtils.h(1,1): warning C4819: 현재 코드 페이지(949)에서 표시할 수 없는 문자가 파일에 들어 있습니다. 데이터가 손실되지 않게 하려면 해당 파일을 유니코드 형식으로 저장하십시오.
C:\Users\Administrator\Downloads\of_v0.11.2_vs2017_release\of_v0.11.2_vs2017_release\libs\openFrameworks\math\ofVec3f.h(1,1): warning C4819: 현재 코드 페이지(949)에서 표시할 수 없는 문자가 파일에 들어 있습니다. 데이터가 손실되지 않게 하려면 해당 파일을 유니코드 형식으로 저장하십시오.
C:\Users\Administrator\Downloads\of_v0.11.2_vs2017_release\of_v0.11.2_vs2017_release\libs\openFrameworks\math\ofVec2f.h(1,1): warning C4819: 현재 코드 페이지(949)에서 표시할 수 없는 문자가 파일에 들어 있습니다. 데이터가 손실되지 않게 하려면 해당 파일을 유니코드 형식으로 저장하십시오.
C:\Users\Administrator\Downloads\of_v0.11.2_vs2017_release\of_v0.11.2_vs2017_release\libs\openFrameworks\math\ofMatrix4x4.h(326,1): warning C4267: '인수': 'size_t'에서 'int'(으)로 변환하면서 데이터가 손실될 수 있습니다.
C:\Users\Administrator\Downloads\of_v0.11.2_vs2017_release\of_v0.11.2_vs2017_release\libs\openFrameworks\math\ofMatrix4x4.h(331,1): warning C4267: '인수': 'size_t'에서 'int'(으)로 변환하면서 데이터가 손실될 수 있습니다.
C:\Users\Administrator\Downloads\of_v0.11.2_vs2017_release\of_v0.11.2_vs2017_release\libs\openFrameworks\math\ofMatrix4x4.h(912,12): warning C4267: '인수': 'size_t'에서 'int'(으)로 변환하면서 데이터가 손실될 수 있습니다.
C:\Users\Administrator\Downloads\of_v0.11.2_vs2017_release\of_v0.11.2_vs2017_release\libs\openFrameworks\math\ofMatrix4x4.h(913,12): warning C4267: '인수': 'size_t'에서 'int'(으)로 변환하면서 데이터가 손실될 수 있습니다.
C:\Users\Administrator\Downloads\of_v0.11.2_vs2017_release\of_v0.11.2_vs2017_release\libs\openFrameworks\math\ofMatrix4x4.h(914,12): warning C4267: '인수': 'size_t'에서 'int'(으)로 변환하면서 데이터가 손실될 수 있습니다.
C:\Users\Administrator\Downloads\of_v0.11.2_vs2017_release\of_v0.11.2_vs2017_release\libs\openFrameworks\math\ofMatrix4x4.h(915,12): warning C4267: '인수': 'size_t'에서 'int'(으)로 변환하면서 데이터가 손실될 수 있습니다.
C:\Users\Administrator\Downloads\of_v0.11.2_vs2017_release\of_v0.11.2_vs2017_release\apps\myApps\project_20190785\src\ofApp.h(7,1): warning C4005: 'MAX': 매크로 재정의
C:\Users\Administrator\Downloads\of_v0.11.2_vs2017_release\of_v0.11.2_vs2017_release\libs\openFrameworks\math\ofMathConstants.h(53,1): message : 'MAX'의 이전 정의를 참조하십시오.
C:\Users\Administrator\Downloads\of_v0.11.2_vs2017_release\of_v0.11.2_vs2017_release\apps\myApps\project_20190785\src\ofApp.cpp(30,6): warning C4996: 'ofTrueTypeFont::loadFont': Use load instead
C:\Users\Administrator\Downloads\of_v0.11.2_vs2017_release\of_v0.11.2_vs2017_release\apps\myApps\project_20190785\src\ofApp.cpp(46,2): warning C4996: 'sprintf': This function or variable may be unsafe. Consider using sprintf_s instead. To disable deprecation, use _CRT_SECURE_NO_WARNINGS. See online help for details.
C:\Users\Administrator\Downloads\of_v0.11.2_vs2017_release\of_v0.11.2_vs2017_release\apps\myApps\project_20190785\src\ofApp.cpp(63,4): warning C4996: 'sprintf': This function or variable may be unsafe. Consider using sprintf_s instead. To disable deprecation, use _CRT_SECURE_NO_WARNINGS. See online help for details.
C:\Users\Administrator\Downloads\of_v0.11.2_vs2017_release\of_v0.11.2_vs2017_release\apps\myApps\project_20190785\src\ofApp.cpp(89,4): warning C4996: 'sprintf': This function or variable may be unsafe. Consider using sprintf_s instead. To disable deprecation, use _CRT_SECURE_NO_WARNINGS. See online help for details.
C:\Users\Administrator\Downloads\of_v0.11.2_vs2017_release\of_v0.11.2_vs2017_release\apps\myApps\project_20190785\src\ofApp.cpp(138,5): warning C4996: 'sprintf': This function or variable may be unsafe. Consider using sprintf_s instead. To disable deprecation, use _CRT_SECURE_NO_WARNINGS. See online help for details.
C:\Users\Administrator\Downloads\of_v0.11.2_vs2017_release\of_v0.11.2_vs2017_release\apps\myApps\project_20190785\src\ofApp.cpp(143,6): warning C4996: 'sprintf': This function or variable may be unsafe. Consider using sprintf_s instead. To disable deprecation, use _CRT_SECURE_NO_WARNINGS. See online help for details.
  project_20190785.vcxproj -> C:\Users\Administrator\Downloads\of_v0.11.2_vs2017_release\of_v0.11.2_vs2017_release\apps\myApps\project_20190785\bin\project_20190785_debug.exe
  
  	                   2	C:\Users\Administrator\Downloads\of_v0.11.2_vs2017_release\of_v0.11.2_vs2017_release\libs\fmod\lib\vs\x64\
  	  *EXTRA File 		 6942208	C:\Users\Administrator\Downloads\of_v0.11.2_vs2017_release\of_v0.11.2_vs2017_release\apps\myApps\project_20190785\bin\FreeImage.dll
  
  	                   1	C:\Users\Administrator\Downloads\of_v0.11.2_vs2017_release\of_v0.11.2_vs2017_release\libs\FreeImage\lib\vs\x64\
  	  *EXTRA File 		 1826304	C:\Users\Administrator\Downloads\of_v0.11.2_vs2017_release\of_v0.11.2_vs2017_release\apps\myApps\project_20190785\bin\fmod.dll
  	  *EXTRA File 		 2041856	C:\Users\Administrator\Downloads\of_v0.11.2_vs2017_release\of_v0.11.2_vs2017_release\apps\myApps\project_20190785\bin\fmodL.dll
